#! /usr/bin/vvp
:ivl_version "10.1 (stable)";
:ivl_delay_selection "TYPICAL";
:vpi_time_precision + 0;
:vpi_module "system";
:vpi_module "vhdl_sys";
:vpi_module "v2005_math";
:vpi_module "va_math";
S_0x55c50dd5acf0 .scope module, "instructionMemory" "instructionMemory" 2 1;
 .timescale 0 0;
    .port_info 0 /INPUT 32 "pc"
    .port_info 1 /OUTPUT 6 "op"
    .port_info 2 /OUTPUT 5 "rs"
    .port_info 3 /OUTPUT 5 "rt"
    .port_info 4 /OUTPUT 5 "rd"
    .port_info 5 /OUTPUT 5 "shamt"
    .port_info 6 /OUTPUT 6 "funct"
    .port_info 7 /OUTPUT 16 "address"
v0x55c50dd59c50_0 .net *"_s0", 7 0, L_0x55c50dd7c120;  1 drivers
v0x55c50dd7a920_0 .net *"_s10", 32 0, L_0x55c50dd8c3b0;  1 drivers
v0x55c50dd7aa00_0 .net *"_s12", 7 0, L_0x55c50dd8c570;  1 drivers
v0x55c50dd7aac0_0 .net *"_s14", 32 0, L_0x55c50dd8c610;  1 drivers
L_0x7f438615f0a8 .functor BUFT 1, C4<0>, C4<0>, C4<0>, C4<0>;
v0x55c50dd7aba0_0 .net *"_s17", 0 0, L_0x7f438615f0a8;  1 drivers
L_0x7f438615f0f0 .functor BUFT 1, C4<000000000000000000000000000000010>, C4<0>, C4<0>, C4<0>;
v0x55c50dd7acd0_0 .net/2u *"_s18", 32 0, L_0x7f438615f0f0;  1 drivers
v0x55c50dd7adb0_0 .net *"_s2", 7 0, L_0x55c50dd7c1e0;  1 drivers
v0x55c50dd7ae90_0 .net *"_s20", 32 0, L_0x55c50dd8c770;  1 drivers
v0x55c50dd7af70_0 .net *"_s22", 7 0, L_0x55c50dd8c900;  1 drivers
v0x55c50dd7b050_0 .net *"_s24", 32 0, L_0x55c50dd8c9f0;  1 drivers
L_0x7f438615f138 .functor BUFT 1, C4<0>, C4<0>, C4<0>, C4<0>;
v0x55c50dd7b130_0 .net *"_s27", 0 0, L_0x7f438615f138;  1 drivers
L_0x7f438615f180 .functor BUFT 1, C4<000000000000000000000000000000011>, C4<0>, C4<0>, C4<0>;
v0x55c50dd7b210_0 .net/2u *"_s28", 32 0, L_0x7f438615f180;  1 drivers
v0x55c50dd7b2f0_0 .net *"_s30", 32 0, L_0x55c50dd8cb10;  1 drivers
v0x55c50dd7b3d0_0 .net *"_s4", 32 0, L_0x55c50dd7c280;  1 drivers
L_0x7f438615f018 .functor BUFT 1, C4<0>, C4<0>, C4<0>, C4<0>;
v0x55c50dd7b4b0_0 .net *"_s7", 0 0, L_0x7f438615f018;  1 drivers
L_0x7f438615f060 .functor BUFT 1, C4<000000000000000000000000000000001>, C4<0>, C4<0>, C4<0>;
v0x55c50dd7b590_0 .net/2u *"_s8", 32 0, L_0x7f438615f060;  1 drivers
v0x55c50dd7b670_0 .net "address", 15 0, L_0x55c50dd8d420;  1 drivers
v0x55c50dd7b860_0 .net "funct", 5 0, L_0x55c50dd8d380;  1 drivers
v0x55c50dd7b940_0 .net "instruction", 31 0, L_0x55c50dd8cd00;  1 drivers
v0x55c50dd7ba20_0 .net "op", 5 0, L_0x55c50dd8ce90;  1 drivers
o0x7f43861a83d8 .functor BUFZ 32, C4<zzzzzzzzzzzzzzzzzzzzzzzzzzzzzzzz>; HiZ drive
v0x55c50dd7bb00_0 .net "pc", 31 0, o0x7f43861a83d8;  0 drivers
v0x55c50dd7bbe0 .array "program_instructions", 255 0, 7 0;
v0x55c50dd7bca0_0 .net "rd", 4 0, L_0x55c50dd8d1b0;  1 drivers
v0x55c50dd7bd80_0 .net "rs", 4 0, L_0x55c50dd8cff0;  1 drivers
v0x55c50dd7be60_0 .net "rt", 4 0, L_0x55c50dd8d090;  1 drivers
v0x55c50dd7bf40_0 .net "shamt", 4 0, L_0x55c50dd8d250;  1 drivers
L_0x55c50dd7c120 .array/port v0x55c50dd7bbe0, o0x7f43861a83d8;
L_0x55c50dd7c1e0 .array/port v0x55c50dd7bbe0, L_0x55c50dd8c3b0;
L_0x55c50dd7c280 .concat [ 32 1 0 0], o0x7f43861a83d8, L_0x7f438615f018;
L_0x55c50dd8c3b0 .arith/sum 33, L_0x55c50dd7c280, L_0x7f438615f060;
L_0x55c50dd8c570 .array/port v0x55c50dd7bbe0, L_0x55c50dd8c770;
L_0x55c50dd8c610 .concat [ 32 1 0 0], o0x7f43861a83d8, L_0x7f438615f0a8;
L_0x55c50dd8c770 .arith/sum 33, L_0x55c50dd8c610, L_0x7f438615f0f0;
L_0x55c50dd8c900 .array/port v0x55c50dd7bbe0, L_0x55c50dd8cb10;
L_0x55c50dd8c9f0 .concat [ 32 1 0 0], o0x7f43861a83d8, L_0x7f438615f138;
L_0x55c50dd8cb10 .arith/sum 33, L_0x55c50dd8c9f0, L_0x7f438615f180;
L_0x55c50dd8cd00 .concat [ 8 8 8 8], L_0x55c50dd8c900, L_0x55c50dd8c570, L_0x55c50dd7c1e0, L_0x55c50dd7c120;
L_0x55c50dd8ce90 .part L_0x55c50dd8cd00, 26, 6;
L_0x55c50dd8cff0 .part L_0x55c50dd8cd00, 21, 5;
L_0x55c50dd8d090 .part L_0x55c50dd8cd00, 16, 5;
L_0x55c50dd8d1b0 .part L_0x55c50dd8cd00, 11, 5;
L_0x55c50dd8d250 .part L_0x55c50dd8cd00, 6, 5;
L_0x55c50dd8d380 .part L_0x55c50dd8cd00, 0, 6;
L_0x55c50dd8d420 .part L_0x55c50dd8cd00, 0, 16;
    .scope S_0x55c50dd5acf0;
T_0 ;
    %vpi_call 2 11 "$readmemh", "program_instructions.txt", v0x55c50dd7bbe0 {0 0 0};
    %end;
    .thread T_0;
# The file index is used to find the file name in the following table.
:file_names 3;
    "N/A";
    "<interactive>";
    "instructionMemory.v";
