#! /usr/bin/vvp
:ivl_version "10.1 (stable)";
:ivl_delay_selection "TYPICAL";
:vpi_time_precision + 0;
:vpi_module "system";
:vpi_module "vhdl_sys";
:vpi_module "v2005_math";
:vpi_module "va_math";
S_0x55d2d2a59100 .scope module, "Pathline" "Pathline" 2 20;
 .timescale 0 0;
L_0x55d2d2ad6fd0 .functor AND 1, v0x55d2d2ab9280_0, L_0x55d2d2ad7a60, C4<1>, C4<1>;
v0x55d2d2ac0320_0 .net "ADD4_output", 31 0, L_0x55d2d2ac2c90;  1 drivers
v0x55d2d2ac03e0_0 .net "ADDalu_output", 31 0, L_0x55d2d2ad5c90;  1 drivers
v0x55d2d2ac04f0_0 .net "ALUCtrlOut", 3 0, v0x55d2d2ab7f30_0;  1 drivers
v0x55d2d2ac05e0_0 .net "ALUOp", 1 0, L_0x55d2d2ad50d0;  1 drivers
v0x55d2d2ac06a0_0 .net "ALUOut", 31 0, L_0x55d2d2ad7660;  1 drivers
v0x55d2d2ac0790_0 .net "ALUSrc", 0 0, v0x55d2d2ab95c0_0;  1 drivers
v0x55d2d2ac0880_0 .net "Branch", 0 0, v0x55d2d2ab9280_0;  1 drivers
v0x55d2d2ac0920_0 .net "BranchAndZero", 0 0, L_0x55d2d2ad6fd0;  1 drivers
v0x55d2d2ac09c0_0 .net "DataMemory_output", 31 0, v0x55d2d2abb8a0_0;  1 drivers
v0x55d2d2ac0a60_0 .net "InstrtoReg", 0 0, L_0x55d2d2ad3bc0;  1 drivers
v0x55d2d2ac0b00_0 .net "Jump", 1 0, L_0x55d2d2ad4ce0;  1 drivers
v0x55d2d2ac0ba0_0 .net "MemRead", 0 0, L_0x55d2d2ad4e20;  1 drivers
v0x55d2d2ac0c40_0 .net "MemWrite", 0 0, L_0x55d2d2ad4f60;  1 drivers
v0x55d2d2ac0d10_0 .net "MemtoReg", 0 0, v0x55d2d2ab9340_0;  1 drivers
v0x55d2d2ac0e00_0 .net "PC_input", 31 0, L_0x55d2d2ad8150;  1 drivers
v0x55d2d2ac0ef0_0 .net "PC_output", 31 0, v0x55d2d2abdfc0_0;  1 drivers
v0x55d2d2ac0f90_0 .var "PC_reset", 0 0;
v0x55d2d2ac1140_0 .net "RegDst", 0 0, L_0x55d2d2ad4ba0;  1 drivers
v0x55d2d2ac11e0_0 .net "RegWrite", 0 0, L_0x55d2d2ad5260;  1 drivers
v0x55d2d2ac1280_0 .net "SignExt", 0 0, L_0x55d2d2ad4b30;  1 drivers
L_0x7fbf63b802a0 .functor BUFT 1, C4<0>, C4<0>, C4<0>, C4<0>;
v0x55d2d2ac1350_0 .net *"_s12", 0 0, L_0x7fbf63b802a0;  1 drivers
L_0x7fbf63b802e8 .functor BUFT 1, C4<0>, C4<0>, C4<0>, C4<0>;
v0x55d2d2ac13f0_0 .net *"_s21", 0 0, L_0x7fbf63b802e8;  1 drivers
v0x55d2d2ac14d0_0 .net *"_s28", 3 0, L_0x55d2d2ad7fc0;  1 drivers
L_0x7fbf63b80018 .functor BUFT 1, C4<010>, C4<0>, C4<0>, C4<0>;
v0x55d2d2ac15b0_0 .net "add_input4", 2 0, L_0x7fbf63b80018;  1 drivers
v0x55d2d2ac1690_0 .net "address", 15 0, L_0x55d2d2ad4170;  1 drivers
v0x55d2d2ac17a0_0 .var "clk", 0 0;
v0x55d2d2ac1890_0 .net "dataR1", 31 0, v0x55d2d2abe560_0;  1 drivers
v0x55d2d2ac19a0_0 .net "dataR2", 31 0, v0x55d2d2abe600_0;  1 drivers
v0x55d2d2ac1a60_0 .net "dataW", 31 0, L_0x55d2d2ad82e0;  1 drivers
v0x55d2d2ac1b70_0 .net "funct", 5 0, L_0x55d2d2ad3fc0;  1 drivers
v0x55d2d2ac1c30_0 .net "instruction", 31 0, L_0x55d2d2ad3940;  1 drivers
v0x55d2d2ac1cf0_0 .net "jump_address", 25 0, L_0x55d2d2ad42b0;  1 drivers
v0x55d2d2ac1de0_0 .net "jump_address_merged", 31 0, L_0x55d2d2ad8060;  1 drivers
v0x55d2d2ac20d0_0 .net "jump_address_shifted", 27 0, L_0x55d2d2ad4490;  1 drivers
v0x55d2d2ac2190_0 .net "muxALU", 31 0, L_0x55d2d2ad5a60;  1 drivers
v0x55d2d2ac2280_0 .net "muxMux_output", 31 0, L_0x55d2d2ad7f20;  1 drivers
v0x55d2d2ac2390_0 .net "muxReg", 4 0, L_0x55d2d2ad5390;  1 drivers
v0x55d2d2ac24a0_0 .net "op", 5 0, L_0x55d2d2ad3b20;  1 drivers
v0x55d2d2ac25b0_0 .net "ovf", 0 0, L_0x55d2d2ad7ba0;  1 drivers
v0x55d2d2ac2650_0 .net "rd", 4 0, L_0x55d2d2ad3df0;  1 drivers
v0x55d2d2ac2740_0 .net "rs", 4 0, L_0x55d2d2ad3c30;  1 drivers
v0x55d2d2ac2850_0 .net "rt", 4 0, L_0x55d2d2ad3cd0;  1 drivers
v0x55d2d2ac2910_0 .net "shamt", 4 0, L_0x55d2d2ad3e90;  1 drivers
v0x55d2d2ac29d0_0 .net "sign_output", 31 0, L_0x55d2d2ad5690;  1 drivers
v0x55d2d2ac2a70_0 .net "sign_shifted", 31 0, L_0x55d2d2ad5920;  1 drivers
v0x55d2d2ac2b80_0 .net "zero", 0 0, L_0x55d2d2ad7a60;  1 drivers
E_0x55d2d2a496e0/0 .event edge, v0x55d2d2abdcd0_0, v0x55d2d2abe080_0, v0x55d2d2abd150_0, v0x55d2d2a83650_0;
E_0x55d2d2a496e0/1 .event edge, v0x55d2d2ab8dc0_0, v0x55d2d2abaf20_0, v0x55d2d2abb000_0, v0x55d2d2abae40_0;
E_0x55d2d2a496e0/2 .event edge, v0x55d2d2abb0e0_0, v0x55d2d2ab7d80_0, v0x55d2d2abc0b0_0, v0x55d2d2ac0b00_0;
E_0x55d2d2a496e0/3 .event edge, v0x55d2d2ab8840_0, v0x55d2d2abb710_0, v0x55d2d2abb7e0_0, v0x55d2d2ab8900_0;
E_0x55d2d2a496e0/4 .event edge, v0x55d2d2ab7c80_0, v0x55d2d2ab8b80_0, v0x55d2d2ac11e0_0, v0x55d2d2abaa80_0;
E_0x55d2d2a496e0/5 .event edge, v0x55d2d2abbfe0_0, v0x55d2d2abd7e0_0, v0x55d2d2ab5980_0, v0x55d2d2abb9d0_0;
E_0x55d2d2a496e0/6 .event edge, v0x55d2d2aba8e0_0, v0x55d2d2abc500_0, v0x55d2d2ab7650_0, v0x55d2d2ab58c0_0;
E_0x55d2d2a496e0/7 .event edge, v0x55d2d2ab78d0_0, v0x55d2d2ab7730_0, v0x55d2d2a686b0_0, v0x55d2d2ab5450_0;
E_0x55d2d2a496e0/8 .event edge, v0x55d2d2ab5510_0, v0x55d2d2abf2d0_0, v0x55d2d2abcb70_0;
E_0x55d2d2a496e0 .event/or E_0x55d2d2a496e0/0, E_0x55d2d2a496e0/1, E_0x55d2d2a496e0/2, E_0x55d2d2a496e0/3, E_0x55d2d2a496e0/4, E_0x55d2d2a496e0/5, E_0x55d2d2a496e0/6, E_0x55d2d2a496e0/7, E_0x55d2d2a496e0/8;
L_0x55d2d2ad4ba0 .part v0x55d2d2ab94e0_0, 0, 1;
L_0x55d2d2ad4ce0 .concat [ 1 1 0 0], v0x55d2d2ab9020_0, L_0x7fbf63b802a0;
L_0x55d2d2ad4e20 .part v0x55d2d2ab9400_0, 0, 1;
L_0x55d2d2ad4f60 .part v0x55d2d2ab8e80_0, 0, 1;
L_0x55d2d2ad50d0 .concat [ 1 1 0 0], v0x55d2d2ab8f60_0, L_0x7fbf63b802e8;
L_0x55d2d2ad5260 .part v0x55d2d2ab91a0_0, 0, 1;
L_0x55d2d2ad7fc0 .part L_0x55d2d2ac2c90, 28, 4;
L_0x55d2d2ad8060 .concat [ 28 4 0 0], L_0x55d2d2ad4490, L_0x55d2d2ad7fc0;
L_0x55d2d2ad81f0 .part L_0x55d2d2ad4ce0, 0, 1;
S_0x55d2d2a68900 .scope module, "ADD_4" "addAlu" 2 31, 3 1 0, S_0x55d2d2a59100;
 .timescale 0 0;
    .port_info 0 /INPUT 32 "inA"
    .port_info 1 /INPUT 32 "inB"
    .port_info 2 /OUTPUT 32 "out"
v0x55d2d2a83650_0 .net "inA", 31 0, v0x55d2d2abdfc0_0;  alias, 1 drivers
L_0x7fbf63b80720 .functor BUFT 1, C4<00000000000000000000000000000010>, C4<0>, C4<0>, C4<0>;
v0x55d2d2a94e50_0 .net "inB", 31 0, L_0x7fbf63b80720;  1 drivers
v0x55d2d2a686b0_0 .net "out", 31 0, L_0x55d2d2ac2c90;  alias, 1 drivers
L_0x55d2d2ac2c90 .arith/sum 32, v0x55d2d2abdfc0_0, L_0x7fbf63b80720;
S_0x55d2d2ab51a0 .scope module, "ADD_ALU" "addAlu" 2 77, 3 1 0, S_0x55d2d2a59100;
 .timescale 0 0;
    .port_info 0 /INPUT 32 "inA"
    .port_info 1 /INPUT 32 "inB"
    .port_info 2 /OUTPUT 32 "out"
v0x55d2d2ab5370_0 .net "inA", 31 0, L_0x55d2d2ac2c90;  alias, 1 drivers
v0x55d2d2ab5450_0 .net "inB", 31 0, L_0x55d2d2ad5920;  alias, 1 drivers
v0x55d2d2ab5510_0 .net "out", 31 0, L_0x55d2d2ad5c90;  alias, 1 drivers
L_0x55d2d2ad5c90 .arith/sum 32, L_0x55d2d2ac2c90, L_0x55d2d2ad5920;
S_0x55d2d2ab5650 .scope module, "ALU" "alu32" 2 82, 4 1 0, S_0x55d2d2a59100;
 .timescale 0 0;
    .port_info 0 /INPUT 32 "Rdata1"
    .port_info 1 /INPUT 32 "Mdata"
    .port_info 2 /INPUT 4 "ctrl"
    .port_info 3 /OUTPUT 1 "ovf"
    .port_info 4 /OUTPUT 32 "out"
    .port_info 5 /OUTPUT 1 "zero"
L_0x55d2d2ad5d30 .functor AND 32, v0x55d2d2abe560_0, L_0x55d2d2ad5a60, C4<11111111111111111111111111111111>, C4<11111111111111111111111111111111>;
L_0x55d2d2ad6090 .functor OR 32, v0x55d2d2abe560_0, L_0x55d2d2ad5a60, C4<00000000000000000000000000000000>, C4<00000000000000000000000000000000>;
L_0x55d2d2ad62d0 .functor XOR 32, v0x55d2d2abe560_0, L_0x55d2d2ad5a60, C4<00000000000000000000000000000000>, C4<00000000000000000000000000000000>;
v0x55d2d2ab58c0_0 .net "Mdata", 31 0, L_0x55d2d2ad5a60;  alias, 1 drivers
v0x55d2d2ab5980_0 .net "Rdata1", 31 0, v0x55d2d2abe560_0;  alias, 1 drivers
L_0x7fbf63b803c0 .functor BUFT 1, C4<0000>, C4<0>, C4<0>, C4<0>;
v0x55d2d2ab5a60_0 .net/2u *"_s0", 3 0, L_0x7fbf63b803c0;  1 drivers
v0x55d2d2ab5b20_0 .net *"_s10", 31 0, L_0x55d2d2ad6090;  1 drivers
L_0x7fbf63b80450 .functor BUFT 1, C4<0010>, C4<0>, C4<0>, C4<0>;
v0x55d2d2ab5c00_0 .net/2u *"_s12", 3 0, L_0x7fbf63b80450;  1 drivers
v0x55d2d2ab5d30_0 .net *"_s14", 0 0, L_0x55d2d2ad6190;  1 drivers
v0x55d2d2ab5df0_0 .net *"_s16", 31 0, L_0x55d2d2ad6230;  1 drivers
L_0x7fbf63b80498 .functor BUFT 1, C4<0110>, C4<0>, C4<0>, C4<0>;
v0x55d2d2ab5ed0_0 .net/2u *"_s18", 3 0, L_0x7fbf63b80498;  1 drivers
v0x55d2d2ab5fb0_0 .net *"_s2", 0 0, L_0x55d2d2ad5e30;  1 drivers
v0x55d2d2ab6070_0 .net *"_s20", 0 0, L_0x55d2d2ad6450;  1 drivers
v0x55d2d2ab6130_0 .net *"_s22", 31 0, L_0x55d2d2ad6520;  1 drivers
L_0x7fbf63b804e0 .functor BUFT 1, C4<0111>, C4<0>, C4<0>, C4<0>;
v0x55d2d2ab6210_0 .net/2u *"_s24", 3 0, L_0x7fbf63b804e0;  1 drivers
v0x55d2d2ab62f0_0 .net *"_s26", 0 0, L_0x55d2d2ad6600;  1 drivers
v0x55d2d2ab63b0_0 .net *"_s28", 0 0, L_0x55d2d2ad67e0;  1 drivers
v0x55d2d2ab6470_0 .net *"_s30", 31 0, L_0x55d2d2ad69e0;  1 drivers
L_0x7fbf63b80528 .functor BUFT 1, C4<0000000000000000000000000000000>, C4<0>, C4<0>, C4<0>;
v0x55d2d2ab6550_0 .net *"_s33", 30 0, L_0x7fbf63b80528;  1 drivers
L_0x7fbf63b80570 .functor BUFT 1, C4<1100>, C4<0>, C4<0>, C4<0>;
v0x55d2d2ab6630_0 .net/2u *"_s34", 3 0, L_0x7fbf63b80570;  1 drivers
v0x55d2d2ab6710_0 .net *"_s36", 0 0, L_0x55d2d2ad6b00;  1 drivers
v0x55d2d2ab67d0_0 .net *"_s38", 31 0, L_0x55d2d2ad62d0;  1 drivers
v0x55d2d2ab68b0_0 .net *"_s4", 31 0, L_0x55d2d2ad5d30;  1 drivers
L_0x7fbf63b805b8 .functor BUFT 1, C4<00000000000000000000000000000000>, C4<0>, C4<0>, C4<0>;
v0x55d2d2ab6990_0 .net/2u *"_s40", 31 0, L_0x7fbf63b805b8;  1 drivers
v0x55d2d2ab6a70_0 .net *"_s42", 31 0, L_0x55d2d2ad6dc0;  1 drivers
v0x55d2d2ab6b50_0 .net *"_s44", 31 0, L_0x55d2d2ad6f30;  1 drivers
v0x55d2d2ab6c30_0 .net *"_s46", 31 0, L_0x55d2d2ad7130;  1 drivers
v0x55d2d2ab6d10_0 .net *"_s48", 31 0, L_0x55d2d2ad72c0;  1 drivers
v0x55d2d2ab6df0_0 .net *"_s50", 31 0, L_0x55d2d2ad74d0;  1 drivers
v0x55d2d2ab6ed0_0 .net *"_s54", 31 0, L_0x55d2d2ad7830;  1 drivers
L_0x7fbf63b80600 .functor BUFT 1, C4<0000000000000000000000000000>, C4<0>, C4<0>, C4<0>;
v0x55d2d2ab6fb0_0 .net *"_s57", 27 0, L_0x7fbf63b80600;  1 drivers
L_0x7fbf63b80648 .functor BUFT 1, C4<00000000000000000000000000000010>, C4<0>, C4<0>, C4<0>;
v0x55d2d2ab7090_0 .net/2u *"_s58", 31 0, L_0x7fbf63b80648;  1 drivers
L_0x7fbf63b80408 .functor BUFT 1, C4<0001>, C4<0>, C4<0>, C4<0>;
v0x55d2d2ab7170_0 .net/2u *"_s6", 3 0, L_0x7fbf63b80408;  1 drivers
v0x55d2d2ab7250_0 .net *"_s60", 0 0, L_0x55d2d2ad7920;  1 drivers
v0x55d2d2ab7310_0 .net *"_s62", 0 0, L_0x55d2d2ad7b00;  1 drivers
L_0x7fbf63b80690 .functor BUFT 1, C4<0>, C4<0>, C4<0>, C4<0>;
v0x55d2d2ab73d0_0 .net/2u *"_s64", 0 0, L_0x7fbf63b80690;  1 drivers
L_0x7fbf63b806d8 .functor BUFT 1, C4<00000000000000000000000000000000>, C4<0>, C4<0>, C4<0>;
v0x55d2d2ab74b0_0 .net/2u *"_s68", 31 0, L_0x7fbf63b806d8;  1 drivers
v0x55d2d2ab7590_0 .net *"_s8", 0 0, L_0x55d2d2ad5ff0;  1 drivers
v0x55d2d2ab7650_0 .net "ctrl", 3 0, v0x55d2d2ab7f30_0;  alias, 1 drivers
v0x55d2d2ab7730_0 .net "out", 31 0, L_0x55d2d2ad7660;  alias, 1 drivers
v0x55d2d2ab7810_0 .net "ovf", 0 0, L_0x55d2d2ad7ba0;  alias, 1 drivers
v0x55d2d2ab78d0_0 .net "zero", 0 0, L_0x55d2d2ad7a60;  alias, 1 drivers
L_0x55d2d2ad5e30 .cmp/eq 4, v0x55d2d2ab7f30_0, L_0x7fbf63b803c0;
L_0x55d2d2ad5ff0 .cmp/eq 4, v0x55d2d2ab7f30_0, L_0x7fbf63b80408;
L_0x55d2d2ad6190 .cmp/eq 4, v0x55d2d2ab7f30_0, L_0x7fbf63b80450;
L_0x55d2d2ad6230 .arith/sum 32, v0x55d2d2abe560_0, L_0x55d2d2ad5a60;
L_0x55d2d2ad6450 .cmp/eq 4, v0x55d2d2ab7f30_0, L_0x7fbf63b80498;
L_0x55d2d2ad6520 .arith/sub 32, v0x55d2d2abe560_0, L_0x55d2d2ad5a60;
L_0x55d2d2ad6600 .cmp/eq 4, v0x55d2d2ab7f30_0, L_0x7fbf63b804e0;
L_0x55d2d2ad67e0 .cmp/gt 32, L_0x55d2d2ad5a60, v0x55d2d2abe560_0;
L_0x55d2d2ad69e0 .concat [ 1 31 0 0], L_0x55d2d2ad67e0, L_0x7fbf63b80528;
L_0x55d2d2ad6b00 .cmp/eq 4, v0x55d2d2ab7f30_0, L_0x7fbf63b80570;
L_0x55d2d2ad6dc0 .functor MUXZ 32, L_0x7fbf63b805b8, L_0x55d2d2ad62d0, L_0x55d2d2ad6b00, C4<>;
L_0x55d2d2ad6f30 .functor MUXZ 32, L_0x55d2d2ad6dc0, L_0x55d2d2ad69e0, L_0x55d2d2ad6600, C4<>;
L_0x55d2d2ad7130 .functor MUXZ 32, L_0x55d2d2ad6f30, L_0x55d2d2ad6520, L_0x55d2d2ad6450, C4<>;
L_0x55d2d2ad72c0 .functor MUXZ 32, L_0x55d2d2ad7130, L_0x55d2d2ad6230, L_0x55d2d2ad6190, C4<>;
L_0x55d2d2ad74d0 .functor MUXZ 32, L_0x55d2d2ad72c0, L_0x55d2d2ad6090, L_0x55d2d2ad5ff0, C4<>;
L_0x55d2d2ad7660 .functor MUXZ 32, L_0x55d2d2ad74d0, L_0x55d2d2ad5d30, L_0x55d2d2ad5e30, C4<>;
L_0x55d2d2ad7830 .concat [ 4 28 0 0], v0x55d2d2ab7f30_0, L_0x7fbf63b80600;
L_0x55d2d2ad7920 .cmp/eq 32, L_0x55d2d2ad7830, L_0x7fbf63b80648;
L_0x55d2d2ad7b00 .cmp/gt 32, v0x55d2d2abe560_0, L_0x55d2d2ad7660;
L_0x55d2d2ad7ba0 .functor MUXZ 1, L_0x7fbf63b80690, L_0x55d2d2ad7b00, L_0x55d2d2ad7920, C4<>;
L_0x55d2d2ad7a60 .cmp/eq 32, L_0x55d2d2ad7660, L_0x7fbf63b806d8;
S_0x55d2d2ab7a50 .scope module, "ALU_CONTROL" "alu_control" 2 73, 5 1 0, S_0x55d2d2a59100;
 .timescale 0 0;
    .port_info 0 /INPUT 6 "funct"
    .port_info 1 /INPUT 2 "ALUop"
    .port_info 2 /OUTPUT 4 "out"
v0x55d2d2ab7c80_0 .net "ALUop", 1 0, L_0x55d2d2ad50d0;  alias, 1 drivers
v0x55d2d2ab7d80_0 .net "funct", 5 0, L_0x55d2d2ad3fc0;  alias, 1 drivers
v0x55d2d2ab7e60_0 .net "out", 3 0, v0x55d2d2ab7f30_0;  alias, 1 drivers
v0x55d2d2ab7f30_0 .var "regOut", 3 0;
E_0x55d2d2a49bb0 .event edge, v0x55d2d2ab7c80_0, v0x55d2d2ab7d80_0, v0x55d2d2ab7f30_0;
S_0x55d2d2ab8070 .scope module, "CONTROL" "mainControl" 2 49, 6 1 0, S_0x55d2d2a59100;
 .timescale 0 0;
    .port_info 0 /INPUT 6 "op_field"
    .port_info 1 /INPUT 6 "funct"
    .port_info 2 /OUTPUT 2 "RegDst"
    .port_info 3 /OUTPUT 1 "Branch"
    .port_info 4 /OUTPUT 1 "MemRead"
    .port_info 5 /OUTPUT 2 "MemtoReg"
    .port_info 6 /OUTPUT 2 "ALUOp"
    .port_info 7 /OUTPUT 1 "MemWrite"
    .port_info 8 /OUTPUT 1 "ALUSrc"
    .port_info 9 /OUTPUT 1 "RegWrite"
    .port_info 10 /OUTPUT 2 "Jump"
    .port_info 11 /OUTPUT 1 "SignExt"
    .port_info 12 /OUTPUT 1 "InstrtoReg"
L_0x55d2d2ad3bc0 .functor BUFZ 1, v0x55d2d2ab90e0_0, C4<0>, C4<0>, C4<0>;
L_0x55d2d2ad4b30 .functor BUFZ 1, v0x55d2d2ab9680_0, C4<0>, C4<0>, C4<0>;
v0x55d2d2ab83f0_0 .net "ALUOp", 1 0, v0x55d2d2ab8e80_0;  1 drivers
v0x55d2d2ab84f0_0 .net "ALUSrc", 0 0, v0x55d2d2ab8f60_0;  1 drivers
v0x55d2d2ab85b0_0 .net "Branch", 0 0, v0x55d2d2ab9020_0;  1 drivers
v0x55d2d2ab8650_0 .net "InstrtoReg", 0 0, L_0x55d2d2ad3bc0;  alias, 1 drivers
v0x55d2d2ab8710_0 .net "Jump", 1 0, v0x55d2d2ab91a0_0;  1 drivers
v0x55d2d2ab8840_0 .net "MemRead", 0 0, v0x55d2d2ab9280_0;  alias, 1 drivers
v0x55d2d2ab8900_0 .net "MemWrite", 0 0, v0x55d2d2ab9340_0;  alias, 1 drivers
v0x55d2d2ab89c0_0 .net "MemtoReg", 1 0, v0x55d2d2ab9400_0;  1 drivers
v0x55d2d2ab8aa0_0 .net "RegDst", 1 0, v0x55d2d2ab94e0_0;  1 drivers
v0x55d2d2ab8b80_0 .net "RegWrite", 0 0, v0x55d2d2ab95c0_0;  alias, 1 drivers
v0x55d2d2ab8c40_0 .net "SignExt", 0 0, L_0x55d2d2ad4b30;  alias, 1 drivers
v0x55d2d2ab8d00_0 .net "funct", 5 0, L_0x55d2d2ad3fc0;  alias, 1 drivers
v0x55d2d2ab8dc0_0 .net "op_field", 5 0, L_0x55d2d2ad3b20;  alias, 1 drivers
v0x55d2d2ab8e80_0 .var "reg_ALUOp", 1 0;
v0x55d2d2ab8f60_0 .var "reg_ALUSrc", 0 0;
v0x55d2d2ab9020_0 .var "reg_Branch", 0 0;
v0x55d2d2ab90e0_0 .var "reg_InstrtoReg", 0 0;
v0x55d2d2ab91a0_0 .var "reg_Jump", 1 0;
v0x55d2d2ab9280_0 .var "reg_MemRead", 0 0;
v0x55d2d2ab9340_0 .var "reg_MemWrite", 0 0;
v0x55d2d2ab9400_0 .var "reg_MemtoReg", 1 0;
v0x55d2d2ab94e0_0 .var "reg_RegDst", 1 0;
v0x55d2d2ab95c0_0 .var "reg_RegWrite", 0 0;
v0x55d2d2ab9680_0 .var "reg_SignExt", 0 0;
E_0x55d2d2a4b3c0 .event edge, v0x55d2d2ab7d80_0, v0x55d2d2ab8dc0_0;
S_0x55d2d2ab98e0 .scope module, "IM" "instructionMemory" 2 39, 7 1 0, S_0x55d2d2a59100;
 .timescale 0 0;
    .port_info 0 /INPUT 32 "pc"
    .port_info 1 /OUTPUT 6 "op"
    .port_info 2 /OUTPUT 5 "rs"
    .port_info 3 /OUTPUT 5 "rt"
    .port_info 4 /OUTPUT 5 "rd"
    .port_info 5 /OUTPUT 5 "shamt"
    .port_info 6 /OUTPUT 6 "funct"
    .port_info 7 /OUTPUT 16 "address"
    .port_info 8 /OUTPUT 26 "jump_address"
    .port_info 9 /OUTPUT 32 "instruction"
v0x55d2d2ab9a60_0 .net *"_s0", 7 0, L_0x55d2d2ac2da0;  1 drivers
v0x55d2d2ab9b60_0 .net *"_s10", 32 0, L_0x55d2d2ad3050;  1 drivers
v0x55d2d2ab9c40_0 .net *"_s12", 7 0, L_0x55d2d2ad3190;  1 drivers
v0x55d2d2ab9d30_0 .net *"_s14", 32 0, L_0x55d2d2ad3230;  1 drivers
L_0x7fbf63b800f0 .functor BUFT 1, C4<0>, C4<0>, C4<0>, C4<0>;
v0x55d2d2ab9e10_0 .net *"_s17", 0 0, L_0x7fbf63b800f0;  1 drivers
L_0x7fbf63b80138 .functor BUFT 1, C4<000000000000000000000000000000010>, C4<0>, C4<0>, C4<0>;
v0x55d2d2ab9f40_0 .net/2u *"_s18", 32 0, L_0x7fbf63b80138;  1 drivers
v0x55d2d2aba020_0 .net *"_s2", 7 0, L_0x55d2d2ac2e40;  1 drivers
v0x55d2d2aba100_0 .net *"_s20", 32 0, L_0x55d2d2ad33e0;  1 drivers
v0x55d2d2aba1e0_0 .net *"_s22", 7 0, L_0x55d2d2ad3570;  1 drivers
v0x55d2d2aba2c0_0 .net *"_s24", 32 0, L_0x55d2d2ad3660;  1 drivers
L_0x7fbf63b80180 .functor BUFT 1, C4<0>, C4<0>, C4<0>, C4<0>;
v0x55d2d2aba3a0_0 .net *"_s27", 0 0, L_0x7fbf63b80180;  1 drivers
L_0x7fbf63b801c8 .functor BUFT 1, C4<000000000000000000000000000000011>, C4<0>, C4<0>, C4<0>;
v0x55d2d2aba480_0 .net/2u *"_s28", 32 0, L_0x7fbf63b801c8;  1 drivers
v0x55d2d2aba560_0 .net *"_s30", 32 0, L_0x55d2d2ad3750;  1 drivers
v0x55d2d2aba640_0 .net *"_s4", 32 0, L_0x55d2d2ac2ee0;  1 drivers
L_0x7fbf63b80060 .functor BUFT 1, C4<0>, C4<0>, C4<0>, C4<0>;
v0x55d2d2aba720_0 .net *"_s7", 0 0, L_0x7fbf63b80060;  1 drivers
L_0x7fbf63b800a8 .functor BUFT 1, C4<000000000000000000000000000000001>, C4<0>, C4<0>, C4<0>;
v0x55d2d2aba800_0 .net/2u *"_s8", 32 0, L_0x7fbf63b800a8;  1 drivers
v0x55d2d2aba8e0_0 .net "address", 15 0, L_0x55d2d2ad4170;  alias, 1 drivers
v0x55d2d2aba9c0_0 .net "funct", 5 0, L_0x55d2d2ad3fc0;  alias, 1 drivers
v0x55d2d2abaa80_0 .net "instruction", 31 0, L_0x55d2d2ad3940;  alias, 1 drivers
v0x55d2d2abab60_0 .net "jump_address", 25 0, L_0x55d2d2ad42b0;  alias, 1 drivers
v0x55d2d2abac40_0 .net "op", 5 0, L_0x55d2d2ad3b20;  alias, 1 drivers
v0x55d2d2abad00_0 .net "pc", 31 0, v0x55d2d2abdfc0_0;  alias, 1 drivers
v0x55d2d2abada0 .array "program_instructions", 255 0, 7 0;
v0x55d2d2abae40_0 .net "rd", 4 0, L_0x55d2d2ad3df0;  alias, 1 drivers
v0x55d2d2abaf20_0 .net "rs", 4 0, L_0x55d2d2ad3c30;  alias, 1 drivers
v0x55d2d2abb000_0 .net "rt", 4 0, L_0x55d2d2ad3cd0;  alias, 1 drivers
v0x55d2d2abb0e0_0 .net "shamt", 4 0, L_0x55d2d2ad3e90;  alias, 1 drivers
L_0x55d2d2ac2da0 .array/port v0x55d2d2abada0, v0x55d2d2abdfc0_0;
L_0x55d2d2ac2e40 .array/port v0x55d2d2abada0, L_0x55d2d2ad3050;
L_0x55d2d2ac2ee0 .concat [ 32 1 0 0], v0x55d2d2abdfc0_0, L_0x7fbf63b80060;
L_0x55d2d2ad3050 .arith/sum 33, L_0x55d2d2ac2ee0, L_0x7fbf63b800a8;
L_0x55d2d2ad3190 .array/port v0x55d2d2abada0, L_0x55d2d2ad33e0;
L_0x55d2d2ad3230 .concat [ 32 1 0 0], v0x55d2d2abdfc0_0, L_0x7fbf63b800f0;
L_0x55d2d2ad33e0 .arith/sum 33, L_0x55d2d2ad3230, L_0x7fbf63b80138;
L_0x55d2d2ad3570 .array/port v0x55d2d2abada0, L_0x55d2d2ad3750;
L_0x55d2d2ad3660 .concat [ 32 1 0 0], v0x55d2d2abdfc0_0, L_0x7fbf63b80180;
L_0x55d2d2ad3750 .arith/sum 33, L_0x55d2d2ad3660, L_0x7fbf63b801c8;
L_0x55d2d2ad3940 .concat [ 8 8 8 8], L_0x55d2d2ad3570, L_0x55d2d2ad3190, L_0x55d2d2ac2e40, L_0x55d2d2ac2da0;
L_0x55d2d2ad3b20 .part L_0x55d2d2ad3940, 26, 6;
L_0x55d2d2ad3c30 .part L_0x55d2d2ad3940, 21, 5;
L_0x55d2d2ad3cd0 .part L_0x55d2d2ad3940, 16, 5;
L_0x55d2d2ad3df0 .part L_0x55d2d2ad3940, 11, 5;
L_0x55d2d2ad3e90 .part L_0x55d2d2ad3940, 6, 5;
L_0x55d2d2ad3fc0 .part L_0x55d2d2ad3940, 0, 6;
L_0x55d2d2ad4170 .part L_0x55d2d2ad3940, 0, 16;
L_0x55d2d2ad42b0 .part L_0x55d2d2ad3940, 0, 26;
S_0x55d2d2abb300 .scope module, "MEMORY" "dataMemory" 2 93, 8 1 0, S_0x55d2d2a59100;
 .timescale 0 0;
    .port_info 0 /INPUT 32 "Address"
    .port_info 1 /INPUT 32 "WriteData"
    .port_info 2 /INPUT 1 "MemWrite"
    .port_info 3 /INPUT 1 "MemRead"
    .port_info 4 /OUTPUT 32 "ReadData"
v0x55d2d2abb560_0 .net "Address", 31 0, L_0x55d2d2ad7660;  alias, 1 drivers
v0x55d2d2abb670 .array "DataMemory", 255 0, 7 0;
v0x55d2d2abb710_0 .net "MemRead", 0 0, L_0x55d2d2ad4e20;  alias, 1 drivers
v0x55d2d2abb7e0_0 .net "MemWrite", 0 0, L_0x55d2d2ad4f60;  alias, 1 drivers
v0x55d2d2abb8a0_0 .var "ReadData", 31 0;
v0x55d2d2abb9d0_0 .net "WriteData", 31 0, v0x55d2d2abe600_0;  alias, 1 drivers
v0x55d2d2abbab0_0 .var/i "i", 31 0;
E_0x55d2d2a9c050 .event posedge, v0x55d2d2abb710_0;
E_0x55d2d2a9c270 .event posedge, v0x55d2d2abb7e0_0;
S_0x55d2d2abbc30 .scope module, "MUX1" "mux5" 2 53, 9 1 0, S_0x55d2d2a59100;
 .timescale 0 0;
    .port_info 0 /INPUT 5 "inA"
    .port_info 1 /INPUT 5 "inB"
    .port_info 2 /INPUT 1 "slc"
    .port_info 3 /OUTPUT 5 "out"
v0x55d2d2abbe00_0 .net "inA", 4 0, L_0x55d2d2ad3cd0;  alias, 1 drivers
v0x55d2d2abbf10_0 .net "inB", 4 0, L_0x55d2d2ad3df0;  alias, 1 drivers
v0x55d2d2abbfe0_0 .net "out", 4 0, L_0x55d2d2ad5390;  alias, 1 drivers
v0x55d2d2abc0b0_0 .net "slc", 0 0, L_0x55d2d2ad4ba0;  alias, 1 drivers
L_0x55d2d2ad5390 .functor MUXZ 5, L_0x55d2d2ad3cd0, L_0x55d2d2ad3df0, L_0x55d2d2ad4ba0, C4<>;
S_0x55d2d2abc220 .scope module, "MUX2" "mux32" 2 69, 9 10 0, S_0x55d2d2a59100;
 .timescale 0 0;
    .port_info 0 /INPUT 32 "inA"
    .port_info 1 /INPUT 32 "inB"
    .port_info 2 /INPUT 1 "slc"
    .port_info 3 /OUTPUT 32 "out"
v0x55d2d2abc3f0_0 .net "inA", 31 0, v0x55d2d2abe600_0;  alias, 1 drivers
v0x55d2d2abc500_0 .net "inB", 31 0, L_0x55d2d2ad5690;  alias, 1 drivers
v0x55d2d2abc5c0_0 .net "out", 31 0, L_0x55d2d2ad5a60;  alias, 1 drivers
v0x55d2d2abc6c0_0 .net "slc", 0 0, v0x55d2d2ab95c0_0;  alias, 1 drivers
L_0x55d2d2ad5a60 .functor MUXZ 32, v0x55d2d2abe600_0, L_0x55d2d2ad5690, v0x55d2d2ab95c0_0, C4<>;
S_0x55d2d2abc800 .scope module, "MUX3" "mux32" 2 89, 9 10 0, S_0x55d2d2a59100;
 .timescale 0 0;
    .port_info 0 /INPUT 32 "inA"
    .port_info 1 /INPUT 32 "inB"
    .port_info 2 /INPUT 1 "slc"
    .port_info 3 /OUTPUT 32 "out"
v0x55d2d2abc980_0 .net "inA", 31 0, L_0x55d2d2ac2c90;  alias, 1 drivers
v0x55d2d2abcab0_0 .net "inB", 31 0, L_0x55d2d2ad5c90;  alias, 1 drivers
v0x55d2d2abcb70_0 .net "out", 31 0, L_0x55d2d2ad7f20;  alias, 1 drivers
v0x55d2d2abcc40_0 .net "slc", 0 0, L_0x55d2d2ad6fd0;  alias, 1 drivers
L_0x55d2d2ad7f20 .functor MUXZ 32, L_0x55d2d2ac2c90, L_0x55d2d2ad5c90, L_0x55d2d2ad6fd0, C4<>;
S_0x55d2d2abcdb0 .scope module, "MUX4" "mux32" 2 98, 9 10 0, S_0x55d2d2a59100;
 .timescale 0 0;
    .port_info 0 /INPUT 32 "inA"
    .port_info 1 /INPUT 32 "inB"
    .port_info 2 /INPUT 1 "slc"
    .port_info 3 /OUTPUT 32 "out"
v0x55d2d2abcf80_0 .net "inA", 31 0, L_0x55d2d2ad7f20;  alias, 1 drivers
L_0x7fbf63b80768 .functor BUFT 1, C4<0000000000000000000000000000000z>, C4<0>, C4<0>, C4<0>;
v0x55d2d2abd090_0 .net "inB", 31 0, L_0x7fbf63b80768;  1 drivers
v0x55d2d2abd150_0 .net "out", 31 0, L_0x55d2d2ad8150;  alias, 1 drivers
v0x55d2d2abd240_0 .net "slc", 0 0, L_0x55d2d2ad81f0;  1 drivers
L_0x55d2d2ad8150 .functor MUXZ 32, L_0x55d2d2ad7f20, L_0x7fbf63b80768, L_0x55d2d2ad81f0, C4<>;
S_0x55d2d2abd3b0 .scope module, "MUX5" "mux32" 2 100, 9 10 0, S_0x55d2d2a59100;
 .timescale 0 0;
    .port_info 0 /INPUT 32 "inA"
    .port_info 1 /INPUT 32 "inB"
    .port_info 2 /INPUT 1 "slc"
    .port_info 3 /OUTPUT 32 "out"
v0x55d2d2abd5f0_0 .net "inA", 31 0, L_0x55d2d2ad7660;  alias, 1 drivers
v0x55d2d2abd720_0 .net "inB", 31 0, v0x55d2d2abb8a0_0;  alias, 1 drivers
v0x55d2d2abd7e0_0 .net "out", 31 0, L_0x55d2d2ad82e0;  alias, 1 drivers
v0x55d2d2abd8b0_0 .net "slc", 0 0, v0x55d2d2ab9340_0;  alias, 1 drivers
L_0x55d2d2ad82e0 .functor MUXZ 32, L_0x55d2d2ad7660, v0x55d2d2abb8a0_0, v0x55d2d2ab9340_0, C4<>;
S_0x55d2d2abda10 .scope module, "PC" "programCounter" 2 25, 10 1 0, S_0x55d2d2a59100;
 .timescale 0 0;
    .port_info 0 /INPUT 1 "clk"
    .port_info 1 /INPUT 32 "in_address"
    .port_info 2 /OUTPUT 32 "out_address"
    .port_info 3 /INPUT 1 "rst"
v0x55d2d2abdcd0_0 .net "clk", 0 0, v0x55d2d2ac17a0_0;  1 drivers
v0x55d2d2abddb0_0 .net "in_address", 31 0, L_0x55d2d2ad8150;  alias, 1 drivers
v0x55d2d2abdea0_0 .net "out_address", 31 0, v0x55d2d2abdfc0_0;  alias, 1 drivers
v0x55d2d2abdfc0_0 .var "reg_address", 31 0;
v0x55d2d2abe080_0 .net "rst", 0 0, v0x55d2d2ac0f90_0;  1 drivers
E_0x55d2d2abdc50 .event posedge, v0x55d2d2abdcd0_0;
S_0x55d2d2abe210 .scope module, "REG" "regfile32x32" 2 57, 11 1 0, S_0x55d2d2a59100;
 .timescale 0 0;
    .port_info 0 /INPUT 1 "clk"
    .port_info 1 /INPUT 5 "rgAddR1"
    .port_info 2 /INPUT 5 "rgAddR2"
    .port_info 3 /OUTPUT 32 "dataR1"
    .port_info 4 /OUTPUT 32 "dataR2"
    .port_info 5 /INPUT 5 "rgAddW"
    .port_info 6 /INPUT 32 "dataW"
v0x55d2d2abe4a0_0 .net "clk", 0 0, v0x55d2d2ac17a0_0;  alias, 1 drivers
v0x55d2d2abe560_0 .var "dataR1", 31 0;
v0x55d2d2abe600_0 .var "dataR2", 31 0;
v0x55d2d2abe720_0 .net "dataW", 31 0, L_0x55d2d2ad82e0;  alias, 1 drivers
v0x55d2d2abe7c0 .array/s "regf", 31 0, 31 0;
v0x55d2d2abe8b0_0 .net "rgAddR1", 4 0, L_0x55d2d2ad3c30;  alias, 1 drivers
v0x55d2d2abe970_0 .net "rgAddR2", 4 0, L_0x55d2d2ad3cd0;  alias, 1 drivers
v0x55d2d2abea60_0 .net "rgAddW", 4 0, L_0x55d2d2ad5390;  alias, 1 drivers
E_0x55d2d2abe420 .event negedge, v0x55d2d2abdcd0_0;
S_0x55d2d2abec20 .scope module, "SHIFT1" "shift26_28" 2 43, 12 1 0, S_0x55d2d2a59100;
 .timescale 0 0;
    .port_info 0 /INPUT 26 "in"
    .port_info 1 /OUTPUT 28 "out"
v0x55d2d2abee10_0 .net *"_s0", 27 0, L_0x55d2d2ad4350;  1 drivers
L_0x7fbf63b80210 .functor BUFT 1, C4<00>, C4<0>, C4<0>, C4<0>;
v0x55d2d2abef10_0 .net *"_s3", 1 0, L_0x7fbf63b80210;  1 drivers
v0x55d2d2abeff0_0 .net *"_s6", 25 0, L_0x55d2d2ad43f0;  1 drivers
L_0x7fbf63b80258 .functor BUFT 1, C4<00>, C4<0>, C4<0>, C4<0>;
v0x55d2d2abf0e0_0 .net *"_s8", 1 0, L_0x7fbf63b80258;  1 drivers
v0x55d2d2abf1c0_0 .net "in", 25 0, L_0x55d2d2ad42b0;  alias, 1 drivers
v0x55d2d2abf2d0_0 .net "out", 27 0, L_0x55d2d2ad4490;  alias, 1 drivers
L_0x55d2d2ad4350 .concat [ 26 2 0 0], L_0x55d2d2ad42b0, L_0x7fbf63b80210;
L_0x55d2d2ad43f0 .part L_0x55d2d2ad4350, 0, 26;
L_0x55d2d2ad4490 .concat [ 2 26 0 0], L_0x7fbf63b80258, L_0x55d2d2ad43f0;
S_0x55d2d2abf3f0 .scope module, "SHIFT2" "shift32_32" 2 65, 12 9 0, S_0x55d2d2a59100;
 .timescale 0 0;
    .port_info 0 /INPUT 32 "in"
    .port_info 1 /OUTPUT 32 "out"
v0x55d2d2abf600_0 .net *"_s2", 29 0, L_0x55d2d2ad5880;  1 drivers
L_0x7fbf63b80378 .functor BUFT 1, C4<00>, C4<0>, C4<0>, C4<0>;
v0x55d2d2abf700_0 .net *"_s4", 1 0, L_0x7fbf63b80378;  1 drivers
v0x55d2d2abf7e0_0 .net "in", 31 0, L_0x55d2d2ad5690;  alias, 1 drivers
v0x55d2d2abf8e0_0 .net "out", 31 0, L_0x55d2d2ad5920;  alias, 1 drivers
L_0x55d2d2ad5880 .part L_0x55d2d2ad5690, 0, 30;
L_0x55d2d2ad5920 .concat [ 2 30 0 0], L_0x7fbf63b80378, L_0x55d2d2ad5880;
S_0x55d2d2abf9f0 .scope module, "SIGN_EXTEND" "sign_extend" 2 61, 13 1 0, S_0x55d2d2a59100;
 .timescale 0 0;
    .port_info 0 /INPUT 16 "in"
    .port_info 1 /OUTPUT 32 "out"
L_0x55d2d2ad57c0 .functor BUFZ 16, L_0x55d2d2ad4170, C4<0000000000000000>, C4<0000000000000000>, C4<0000000000000000>;
v0x55d2d2abfd10_0 .net *"_s12", 15 0, L_0x55d2d2ad57c0;  1 drivers
v0x55d2d2abfe10_0 .net *"_s3", 0 0, L_0x55d2d2ad54c0;  1 drivers
v0x55d2d2abfef0_0 .net *"_s4", 15 0, L_0x55d2d2ad55f0;  1 drivers
L_0x7fbf63b80330 .functor BUFT 1, C4<000000000000000>, C4<0>, C4<0>, C4<0>;
v0x55d2d2abffe0_0 .net *"_s7", 14 0, L_0x7fbf63b80330;  1 drivers
v0x55d2d2ac00c0_0 .net "in", 15 0, L_0x55d2d2ad4170;  alias, 1 drivers
v0x55d2d2ac01d0_0 .net "out", 31 0, L_0x55d2d2ad5690;  alias, 1 drivers
L_0x55d2d2ad54c0 .part L_0x55d2d2ad4170, 15, 1;
L_0x55d2d2ad55f0 .concat [ 1 15 0 0], L_0x55d2d2ad54c0, L_0x7fbf63b80330;
L_0x55d2d2ad5690 .concat8 [ 16 16 0 0], L_0x55d2d2ad57c0, L_0x55d2d2ad55f0;
    .scope S_0x55d2d2abda10;
T_0 ;
    %wait E_0x55d2d2abdc50;
    %load/vec4 v0x55d2d2abe080_0;
    %flag_set/vec4 8;
    %jmp/0xz  T_0.0, 8;
    %pushi/vec4 0, 0, 32;
    %store/vec4 v0x55d2d2abdfc0_0, 0, 32;
    %jmp T_0.1;
T_0.0 ;
    %load/vec4 v0x55d2d2abddb0_0;
    %store/vec4 v0x55d2d2abdfc0_0, 0, 32;
T_0.1 ;
    %jmp T_0;
    .thread T_0;
    .scope S_0x55d2d2ab98e0;
T_1 ;
    %vpi_call 7 12 "$readmemh", "data/program_instructions.txt", v0x55d2d2abada0 {0 0 0};
    %end;
    .thread T_1;
    .scope S_0x55d2d2ab8070;
T_2 ;
    %wait E_0x55d2d2a4b3c0;
    %load/vec4 v0x55d2d2ab8dc0_0;
    %dup/vec4;
    %pushi/vec4 0, 0, 6;
    %cmp/u;
    %jmp/1 T_2.0, 6;
    %dup/vec4;
    %pushi/vec4 15, 0, 6;
    %cmp/u;
    %jmp/1 T_2.1, 6;
    %dup/vec4;
    %pushi/vec4 0, 0, 6;
    %cmp/u;
    %jmp/1 T_2.2, 6;
    %dup/vec4;
    %pushi/vec4 8, 0, 6;
    %cmp/u;
    %jmp/1 T_2.3, 6;
    %dup/vec4;
    %pushi/vec4 10, 0, 6;
    %cmp/u;
    %jmp/1 T_2.4, 6;
    %dup/vec4;
    %pushi/vec4 13, 0, 6;
    %cmp/u;
    %jmp/1 T_2.5, 6;
    %dup/vec4;
    %pushi/vec4 12, 0, 6;
    %cmp/u;
    %jmp/1 T_2.6, 6;
    %dup/vec4;
    %pushi/vec4 55, 0, 6;
    %cmp/u;
    %jmp/1 T_2.7, 6;
    %dup/vec4;
    %pushi/vec4 35, 0, 6;
    %cmp/u;
    %jmp/1 T_2.8, 6;
    %dup/vec4;
    %pushi/vec4 43, 0, 6;
    %cmp/u;
    %jmp/1 T_2.9, 6;
    %dup/vec4;
    %pushi/vec4 4, 0, 6;
    %cmp/u;
    %jmp/1 T_2.10, 6;
    %dup/vec4;
    %pushi/vec4 4, 0, 6;
    %cmp/u;
    %jmp/1 T_2.11, 6;
    %dup/vec4;
    %pushi/vec4 1, 0, 6;
    %cmp/u;
    %jmp/1 T_2.12, 6;
    %dup/vec4;
    %pushi/vec4 2, 0, 6;
    %cmp/u;
    %jmp/1 T_2.13, 6;
    %dup/vec4;
    %pushi/vec4 3, 0, 6;
    %cmp/u;
    %jmp/1 T_2.14, 6;
    %jmp T_2.15;
T_2.0 ;
    %load/vec4 v0x55d2d2ab8d00_0;
    %cmpi/e 8, 0, 6;
    %jmp/0xz  T_2.16, 4;
    %vpi_call 6 37 "$display", "jr called" {0 0 0};
    %pushi/vec4 0, 0, 2;
    %store/vec4 v0x55d2d2ab94e0_0, 0, 2;
    %pushi/vec4 0, 0, 1;
    %store/vec4 v0x55d2d2ab9020_0, 0, 1;
    %pushi/vec4 0, 0, 1;
    %store/vec4 v0x55d2d2ab9280_0, 0, 1;
    %pushi/vec4 0, 0, 2;
    %store/vec4 v0x55d2d2ab9400_0, 0, 2;
    %pushi/vec4 0, 0, 2;
    %store/vec4 v0x55d2d2ab8e80_0, 0, 2;
    %pushi/vec4 0, 0, 1;
    %store/vec4 v0x55d2d2ab9340_0, 0, 1;
    %pushi/vec4 0, 0, 1;
    %store/vec4 v0x55d2d2ab8f60_0, 0, 1;
    %pushi/vec4 0, 0, 1;
    %store/vec4 v0x55d2d2ab95c0_0, 0, 1;
    %pushi/vec4 2, 0, 2;
    %store/vec4 v0x55d2d2ab91a0_0, 0, 2;
    %jmp T_2.17;
T_2.16 ;
    %pushi/vec4 1, 0, 2;
    %store/vec4 v0x55d2d2ab94e0_0, 0, 2;
    %pushi/vec4 0, 0, 1;
    %store/vec4 v0x55d2d2ab9020_0, 0, 1;
    %pushi/vec4 0, 0, 1;
    %store/vec4 v0x55d2d2ab9280_0, 0, 1;
    %pushi/vec4 0, 0, 2;
    %store/vec4 v0x55d2d2ab9400_0, 0, 2;
    %pushi/vec4 2, 0, 2;
    %store/vec4 v0x55d2d2ab8e80_0, 0, 2;
    %pushi/vec4 0, 0, 1;
    %store/vec4 v0x55d2d2ab9340_0, 0, 1;
    %pushi/vec4 0, 0, 1;
    %store/vec4 v0x55d2d2ab8f60_0, 0, 1;
    %pushi/vec4 1, 0, 1;
    %store/vec4 v0x55d2d2ab95c0_0, 0, 1;
    %pushi/vec4 0, 0, 2;
    %store/vec4 v0x55d2d2ab91a0_0, 0, 2;
T_2.17 ;
    %jmp T_2.15;
T_2.1 ;
    %vpi_call 6 65 "$display", "lui detected" {0 0 0};
    %pushi/vec4 2, 0, 2;
    %store/vec4 v0x55d2d2ab94e0_0, 0, 2;
    %pushi/vec4 0, 0, 1;
    %store/vec4 v0x55d2d2ab9020_0, 0, 1;
    %pushi/vec4 0, 0, 1;
    %store/vec4 v0x55d2d2ab9280_0, 0, 1;
    %pushi/vec4 1, 0, 2;
    %store/vec4 v0x55d2d2ab9400_0, 0, 2;
    %pushi/vec4 0, 0, 2;
    %store/vec4 v0x55d2d2ab8e80_0, 0, 2;
    %pushi/vec4 0, 0, 1;
    %store/vec4 v0x55d2d2ab9340_0, 0, 1;
    %pushi/vec4 1, 0, 1;
    %store/vec4 v0x55d2d2ab8f60_0, 0, 1;
    %pushi/vec4 1, 0, 1;
    %store/vec4 v0x55d2d2ab95c0_0, 0, 1;
    %pushi/vec4 0, 0, 2;
    %store/vec4 v0x55d2d2ab91a0_0, 0, 2;
    %pushi/vec4 1, 0, 1;
    %store/vec4 v0x55d2d2ab90e0_0, 0, 1;
    %jmp T_2.15;
T_2.2 ;
    %pushi/vec4 1, 0, 2;
    %store/vec4 v0x55d2d2ab94e0_0, 0, 2;
    %pushi/vec4 0, 0, 1;
    %store/vec4 v0x55d2d2ab8f60_0, 0, 1;
    %pushi/vec4 0, 0, 2;
    %store/vec4 v0x55d2d2ab9400_0, 0, 2;
    %pushi/vec4 1, 0, 1;
    %store/vec4 v0x55d2d2ab95c0_0, 0, 1;
    %pushi/vec4 0, 0, 1;
    %store/vec4 v0x55d2d2ab9280_0, 0, 1;
    %pushi/vec4 0, 0, 1;
    %store/vec4 v0x55d2d2ab9340_0, 0, 1;
    %pushi/vec4 0, 0, 1;
    %store/vec4 v0x55d2d2ab9020_0, 0, 1;
    %pushi/vec4 2, 0, 2;
    %store/vec4 v0x55d2d2ab8e80_0, 0, 2;
    %pushi/vec4 0, 0, 2;
    %store/vec4 v0x55d2d2ab91a0_0, 0, 2;
    %jmp T_2.15;
T_2.3 ;
    %vpi_call 6 93 "$display", "addi called" {0 0 0};
    %pushi/vec4 0, 0, 2;
    %store/vec4 v0x55d2d2ab94e0_0, 0, 2;
    %pushi/vec4 0, 0, 1;
    %store/vec4 v0x55d2d2ab9020_0, 0, 1;
    %pushi/vec4 0, 0, 1;
    %store/vec4 v0x55d2d2ab9280_0, 0, 1;
    %pushi/vec4 0, 0, 2;
    %store/vec4 v0x55d2d2ab9400_0, 0, 2;
    %pushi/vec4 3, 0, 2;
    %store/vec4 v0x55d2d2ab8e80_0, 0, 2;
    %pushi/vec4 0, 0, 1;
    %store/vec4 v0x55d2d2ab9340_0, 0, 1;
    %pushi/vec4 1, 0, 1;
    %store/vec4 v0x55d2d2ab8f60_0, 0, 1;
    %pushi/vec4 1, 0, 1;
    %store/vec4 v0x55d2d2ab95c0_0, 0, 1;
    %pushi/vec4 0, 0, 2;
    %store/vec4 v0x55d2d2ab91a0_0, 0, 2;
    %pushi/vec4 1, 0, 1;
    %store/vec4 v0x55d2d2ab9680_0, 0, 1;
    %jmp T_2.15;
T_2.4 ;
    %vpi_call 6 108 "$display", "slti called" {0 0 0};
    %pushi/vec4 0, 0, 2;
    %store/vec4 v0x55d2d2ab94e0_0, 0, 2;
    %pushi/vec4 0, 0, 1;
    %store/vec4 v0x55d2d2ab9020_0, 0, 1;
    %pushi/vec4 0, 0, 1;
    %store/vec4 v0x55d2d2ab9280_0, 0, 1;
    %pushi/vec4 0, 0, 2;
    %store/vec4 v0x55d2d2ab9400_0, 0, 2;
    %pushi/vec4 2, 0, 2;
    %store/vec4 v0x55d2d2ab8e80_0, 0, 2;
    %pushi/vec4 0, 0, 1;
    %store/vec4 v0x55d2d2ab9340_0, 0, 1;
    %pushi/vec4 1, 0, 1;
    %store/vec4 v0x55d2d2ab8f60_0, 0, 1;
    %pushi/vec4 1, 0, 1;
    %store/vec4 v0x55d2d2ab95c0_0, 0, 1;
    %pushi/vec4 0, 0, 2;
    %store/vec4 v0x55d2d2ab91a0_0, 0, 2;
    %pushi/vec4 1, 0, 1;
    %store/vec4 v0x55d2d2ab9680_0, 0, 1;
    %jmp T_2.15;
T_2.5 ;
    %vpi_call 6 123 "$display", "ori called" {0 0 0};
    %pushi/vec4 0, 0, 2;
    %store/vec4 v0x55d2d2ab94e0_0, 0, 2;
    %pushi/vec4 0, 0, 1;
    %store/vec4 v0x55d2d2ab9020_0, 0, 1;
    %pushi/vec4 0, 0, 1;
    %store/vec4 v0x55d2d2ab9280_0, 0, 1;
    %pushi/vec4 0, 0, 2;
    %store/vec4 v0x55d2d2ab9400_0, 0, 2;
    %pushi/vec4 3, 0, 2;
    %store/vec4 v0x55d2d2ab8e80_0, 0, 2;
    %pushi/vec4 0, 0, 1;
    %store/vec4 v0x55d2d2ab9340_0, 0, 1;
    %pushi/vec4 1, 0, 1;
    %store/vec4 v0x55d2d2ab8f60_0, 0, 1;
    %pushi/vec4 1, 0, 1;
    %store/vec4 v0x55d2d2ab95c0_0, 0, 1;
    %pushi/vec4 0, 0, 2;
    %store/vec4 v0x55d2d2ab91a0_0, 0, 2;
    %pushi/vec4 1, 0, 1;
    %store/vec4 v0x55d2d2ab9680_0, 0, 1;
    %jmp T_2.15;
T_2.6 ;
    %vpi_call 6 138 "$display", " andi called" {0 0 0};
    %pushi/vec4 0, 0, 2;
    %store/vec4 v0x55d2d2ab94e0_0, 0, 2;
    %pushi/vec4 0, 0, 1;
    %store/vec4 v0x55d2d2ab9020_0, 0, 1;
    %pushi/vec4 0, 0, 1;
    %store/vec4 v0x55d2d2ab9280_0, 0, 1;
    %pushi/vec4 0, 0, 2;
    %store/vec4 v0x55d2d2ab9400_0, 0, 2;
    %pushi/vec4 3, 0, 2;
    %store/vec4 v0x55d2d2ab8e80_0, 0, 2;
    %pushi/vec4 0, 0, 1;
    %store/vec4 v0x55d2d2ab9340_0, 0, 1;
    %pushi/vec4 1, 0, 1;
    %store/vec4 v0x55d2d2ab8f60_0, 0, 1;
    %pushi/vec4 1, 0, 1;
    %store/vec4 v0x55d2d2ab95c0_0, 0, 1;
    %pushi/vec4 0, 0, 2;
    %store/vec4 v0x55d2d2ab91a0_0, 0, 2;
    %pushi/vec4 1, 0, 1;
    %store/vec4 v0x55d2d2ab9680_0, 0, 1;
    %jmp T_2.15;
T_2.7 ;
    %vpi_call 6 153 "$display", "subi called" {0 0 0};
    %pushi/vec4 0, 0, 2;
    %store/vec4 v0x55d2d2ab94e0_0, 0, 2;
    %pushi/vec4 0, 0, 1;
    %store/vec4 v0x55d2d2ab9020_0, 0, 1;
    %pushi/vec4 0, 0, 1;
    %store/vec4 v0x55d2d2ab9280_0, 0, 1;
    %pushi/vec4 0, 0, 2;
    %store/vec4 v0x55d2d2ab9400_0, 0, 2;
    %pushi/vec4 3, 0, 2;
    %store/vec4 v0x55d2d2ab8e80_0, 0, 2;
    %pushi/vec4 0, 0, 1;
    %store/vec4 v0x55d2d2ab9340_0, 0, 1;
    %pushi/vec4 1, 0, 1;
    %store/vec4 v0x55d2d2ab8f60_0, 0, 1;
    %pushi/vec4 1, 0, 1;
    %store/vec4 v0x55d2d2ab95c0_0, 0, 1;
    %pushi/vec4 0, 0, 2;
    %store/vec4 v0x55d2d2ab91a0_0, 0, 2;
    %pushi/vec4 1, 0, 1;
    %store/vec4 v0x55d2d2ab9680_0, 0, 1;
    %jmp T_2.15;
T_2.8 ;
    %vpi_call 6 169 "$display", "lw called" {0 0 0};
    %pushi/vec4 0, 0, 2;
    %store/vec4 v0x55d2d2ab94e0_0, 0, 2;
    %pushi/vec4 0, 0, 1;
    %store/vec4 v0x55d2d2ab9020_0, 0, 1;
    %pushi/vec4 1, 0, 1;
    %store/vec4 v0x55d2d2ab9280_0, 0, 1;
    %pushi/vec4 1, 0, 2;
    %store/vec4 v0x55d2d2ab9400_0, 0, 2;
    %pushi/vec4 0, 0, 2;
    %store/vec4 v0x55d2d2ab8e80_0, 0, 2;
    %pushi/vec4 0, 0, 1;
    %store/vec4 v0x55d2d2ab9340_0, 0, 1;
    %pushi/vec4 1, 0, 1;
    %store/vec4 v0x55d2d2ab8f60_0, 0, 1;
    %pushi/vec4 1, 0, 1;
    %store/vec4 v0x55d2d2ab95c0_0, 0, 1;
    %pushi/vec4 0, 0, 2;
    %store/vec4 v0x55d2d2ab91a0_0, 0, 2;
    %jmp T_2.15;
T_2.9 ;
    %vpi_call 6 182 "$display", "sw called" {0 0 0};
    %pushi/vec4 0, 0, 2;
    %store/vec4 v0x55d2d2ab94e0_0, 0, 2;
    %pushi/vec4 0, 0, 1;
    %store/vec4 v0x55d2d2ab9020_0, 0, 1;
    %pushi/vec4 0, 0, 1;
    %store/vec4 v0x55d2d2ab9280_0, 0, 1;
    %pushi/vec4 0, 3, 2;
    %store/vec4 v0x55d2d2ab9400_0, 0, 2;
    %pushi/vec4 0, 0, 2;
    %store/vec4 v0x55d2d2ab8e80_0, 0, 2;
    %pushi/vec4 1, 0, 1;
    %store/vec4 v0x55d2d2ab9340_0, 0, 1;
    %pushi/vec4 1, 0, 1;
    %store/vec4 v0x55d2d2ab8f60_0, 0, 1;
    %pushi/vec4 1, 0, 1;
    %store/vec4 v0x55d2d2ab95c0_0, 0, 1;
    %pushi/vec4 0, 0, 2;
    %store/vec4 v0x55d2d2ab91a0_0, 0, 2;
    %pushi/vec4 1, 0, 1;
    %store/vec4 v0x55d2d2ab9680_0, 0, 1;
    %jmp T_2.15;
T_2.10 ;
    %vpi_call 6 197 "$display", "beq called" {0 0 0};
    %pushi/vec4 0, 0, 2;
    %store/vec4 v0x55d2d2ab94e0_0, 0, 2;
    %pushi/vec4 1, 0, 1;
    %store/vec4 v0x55d2d2ab9020_0, 0, 1;
    %pushi/vec4 0, 0, 1;
    %store/vec4 v0x55d2d2ab9280_0, 0, 1;
    %pushi/vec4 0, 0, 2;
    %store/vec4 v0x55d2d2ab9400_0, 0, 2;
    %pushi/vec4 1, 0, 2;
    %store/vec4 v0x55d2d2ab8e80_0, 0, 2;
    %pushi/vec4 0, 0, 1;
    %store/vec4 v0x55d2d2ab9340_0, 0, 1;
    %pushi/vec4 0, 0, 1;
    %store/vec4 v0x55d2d2ab8f60_0, 0, 1;
    %pushi/vec4 0, 0, 1;
    %store/vec4 v0x55d2d2ab95c0_0, 0, 1;
    %pushi/vec4 0, 0, 2;
    %store/vec4 v0x55d2d2ab91a0_0, 0, 2;
    %pushi/vec4 1, 0, 1;
    %store/vec4 v0x55d2d2ab9680_0, 0, 1;
    %jmp T_2.15;
T_2.11 ;
    %vpi_call 6 212 "$display", "bne called" {0 0 0};
    %pushi/vec4 0, 0, 2;
    %store/vec4 v0x55d2d2ab94e0_0, 0, 2;
    %pushi/vec4 1, 0, 1;
    %store/vec4 v0x55d2d2ab9020_0, 0, 1;
    %pushi/vec4 0, 0, 1;
    %store/vec4 v0x55d2d2ab9280_0, 0, 1;
    %pushi/vec4 0, 0, 2;
    %store/vec4 v0x55d2d2ab9400_0, 0, 2;
    %pushi/vec4 1, 0, 2;
    %store/vec4 v0x55d2d2ab8e80_0, 0, 2;
    %pushi/vec4 0, 0, 1;
    %store/vec4 v0x55d2d2ab9340_0, 0, 1;
    %pushi/vec4 0, 0, 1;
    %store/vec4 v0x55d2d2ab8f60_0, 0, 1;
    %pushi/vec4 0, 0, 1;
    %store/vec4 v0x55d2d2ab95c0_0, 0, 1;
    %pushi/vec4 0, 0, 2;
    %store/vec4 v0x55d2d2ab91a0_0, 0, 2;
    %pushi/vec4 1, 0, 1;
    %store/vec4 v0x55d2d2ab9680_0, 0, 1;
    %jmp T_2.15;
T_2.12 ;
    %vpi_call 6 227 "$display", "bgez called" {0 0 0};
    %pushi/vec4 0, 0, 2;
    %store/vec4 v0x55d2d2ab94e0_0, 0, 2;
    %pushi/vec4 1, 0, 1;
    %store/vec4 v0x55d2d2ab9020_0, 0, 1;
    %pushi/vec4 0, 0, 1;
    %store/vec4 v0x55d2d2ab9280_0, 0, 1;
    %pushi/vec4 0, 0, 2;
    %store/vec4 v0x55d2d2ab9400_0, 0, 2;
    %pushi/vec4 1, 0, 2;
    %store/vec4 v0x55d2d2ab8e80_0, 0, 2;
    %pushi/vec4 0, 0, 1;
    %store/vec4 v0x55d2d2ab9340_0, 0, 1;
    %pushi/vec4 0, 0, 1;
    %store/vec4 v0x55d2d2ab8f60_0, 0, 1;
    %pushi/vec4 0, 0, 1;
    %store/vec4 v0x55d2d2ab95c0_0, 0, 1;
    %pushi/vec4 0, 0, 2;
    %store/vec4 v0x55d2d2ab91a0_0, 0, 2;
    %pushi/vec4 1, 0, 1;
    %store/vec4 v0x55d2d2ab9680_0, 0, 1;
    %jmp T_2.15;
T_2.13 ;
    %vpi_call 6 242 "$display", "jump called" {0 0 0};
    %pushi/vec4 0, 3, 2;
    %store/vec4 v0x55d2d2ab94e0_0, 0, 2;
    %pushi/vec4 0, 0, 1;
    %store/vec4 v0x55d2d2ab9020_0, 0, 1;
    %pushi/vec4 0, 0, 1;
    %store/vec4 v0x55d2d2ab9280_0, 0, 1;
    %pushi/vec4 0, 3, 2;
    %store/vec4 v0x55d2d2ab9400_0, 0, 2;
    %pushi/vec4 0, 3, 2;
    %store/vec4 v0x55d2d2ab8e80_0, 0, 2;
    %pushi/vec4 0, 0, 1;
    %store/vec4 v0x55d2d2ab9340_0, 0, 1;
    %pushi/vec4 0, 1, 1;
    %store/vec4 v0x55d2d2ab8f60_0, 0, 1;
    %pushi/vec4 0, 0, 1;
    %store/vec4 v0x55d2d2ab95c0_0, 0, 1;
    %pushi/vec4 1, 0, 2;
    %store/vec4 v0x55d2d2ab91a0_0, 0, 2;
    %jmp T_2.15;
T_2.14 ;
    %vpi_call 6 256 "$display", "jal called" {0 0 0};
    %pushi/vec4 2, 0, 2;
    %store/vec4 v0x55d2d2ab94e0_0, 0, 2;
    %pushi/vec4 0, 0, 1;
    %store/vec4 v0x55d2d2ab9020_0, 0, 1;
    %pushi/vec4 0, 0, 1;
    %store/vec4 v0x55d2d2ab9280_0, 0, 1;
    %pushi/vec4 2, 0, 2;
    %store/vec4 v0x55d2d2ab9400_0, 0, 2;
    %pushi/vec4 0, 3, 2;
    %store/vec4 v0x55d2d2ab8e80_0, 0, 2;
    %pushi/vec4 0, 0, 1;
    %store/vec4 v0x55d2d2ab9340_0, 0, 1;
    %pushi/vec4 0, 1, 1;
    %store/vec4 v0x55d2d2ab8f60_0, 0, 1;
    %pushi/vec4 1, 0, 1;
    %store/vec4 v0x55d2d2ab95c0_0, 0, 1;
    %pushi/vec4 1, 0, 2;
    %store/vec4 v0x55d2d2ab91a0_0, 0, 2;
    %jmp T_2.15;
T_2.15 ;
    %pop/vec4 1;
    %jmp T_2;
    .thread T_2, $push;
    .scope S_0x55d2d2abe210;
T_3 ;
    %vpi_call 11 11 "$readmemb", "data/registers.txt", v0x55d2d2abe7c0 {0 0 0};
    %end;
    .thread T_3;
    .scope S_0x55d2d2abe210;
T_4 ;
    %wait E_0x55d2d2abdc50;
    %load/vec4 v0x55d2d2abe8b0_0;
    %pad/u 7;
    %ix/vec4 4;
    %load/vec4a v0x55d2d2abe7c0, 4;
    %store/vec4 v0x55d2d2abe560_0, 0, 32;
    %load/vec4 v0x55d2d2abe970_0;
    %pad/u 7;
    %ix/vec4 4;
    %load/vec4a v0x55d2d2abe7c0, 4;
    %store/vec4 v0x55d2d2abe600_0, 0, 32;
    %jmp T_4;
    .thread T_4;
    .scope S_0x55d2d2abe210;
T_5 ;
    %wait E_0x55d2d2abe420;
    %load/vec4 v0x55d2d2abe720_0;
    %load/vec4 v0x55d2d2abea60_0;
    %pad/u 7;
    %ix/vec4 4;
    %store/vec4a v0x55d2d2abe7c0, 4, 0;
    %jmp T_5;
    .thread T_5;
    .scope S_0x55d2d2ab7a50;
T_6 ;
    %wait E_0x55d2d2a49bb0;
    %load/vec4 v0x55d2d2ab7c80_0;
    %dup/vec4;
    %pushi/vec4 0, 0, 2;
    %cmp/z;
    %jmp/1 T_6.0, 4;
    %dup/vec4;
    %pushi/vec4 1, 2, 2;
    %cmp/z;
    %jmp/1 T_6.1, 4;
    %dup/vec4;
    %pushi/vec4 2, 0, 2;
    %cmp/z;
    %jmp/1 T_6.2, 4;
    %jmp T_6.3;
T_6.0 ;
    %pushi/vec4 2, 0, 4;
    %store/vec4 v0x55d2d2ab7f30_0, 0, 4;
    %jmp T_6.3;
T_6.1 ;
    %pushi/vec4 6, 0, 4;
    %store/vec4 v0x55d2d2ab7f30_0, 0, 4;
    %jmp T_6.3;
T_6.2 ;
    %load/vec4 v0x55d2d2ab7d80_0;
    %dup/vec4;
    %pushi/vec4 0, 48, 6;
    %cmp/z;
    %jmp/1 T_6.4, 4;
    %dup/vec4;
    %pushi/vec4 2, 48, 6;
    %cmp/z;
    %jmp/1 T_6.5, 4;
    %dup/vec4;
    %pushi/vec4 4, 48, 6;
    %cmp/z;
    %jmp/1 T_6.6, 4;
    %dup/vec4;
    %pushi/vec4 5, 48, 6;
    %cmp/z;
    %jmp/1 T_6.7, 4;
    %dup/vec4;
    %pushi/vec4 10, 48, 6;
    %cmp/z;
    %jmp/1 T_6.8, 4;
    %dup/vec4;
    %pushi/vec4 39, 0, 6;
    %cmp/z;
    %jmp/1 T_6.9, 4;
    %jmp T_6.10;
T_6.4 ;
    %pushi/vec4 2, 0, 4;
    %store/vec4 v0x55d2d2ab7f30_0, 0, 4;
    %jmp T_6.10;
T_6.5 ;
    %pushi/vec4 6, 0, 4;
    %store/vec4 v0x55d2d2ab7f30_0, 0, 4;
    %jmp T_6.10;
T_6.6 ;
    %pushi/vec4 0, 0, 4;
    %store/vec4 v0x55d2d2ab7f30_0, 0, 4;
    %jmp T_6.10;
T_6.7 ;
    %pushi/vec4 1, 0, 4;
    %store/vec4 v0x55d2d2ab7f30_0, 0, 4;
    %jmp T_6.10;
T_6.8 ;
    %pushi/vec4 7, 0, 4;
    %store/vec4 v0x55d2d2ab7f30_0, 0, 4;
    %jmp T_6.10;
T_6.9 ;
    %pushi/vec4 14, 0, 4;
    %store/vec4 v0x55d2d2ab7f30_0, 0, 4;
    %jmp T_6.10;
T_6.10 ;
    %pop/vec4 1;
    %jmp T_6.3;
T_6.3 ;
    %pop/vec4 1;
    %vpi_call 5 33 "$monitor", "-----------------------REGOUT = %b", v0x55d2d2ab7f30_0 {0 0 0};
    %jmp T_6;
    .thread T_6, $push;
    .scope S_0x55d2d2abb300;
T_7 ;
    %pushi/vec4 0, 0, 32;
    %store/vec4 v0x55d2d2abbab0_0, 0, 32;
T_7.0 ;
    %load/vec4 v0x55d2d2abbab0_0;
    %cmpi/s 256, 0, 32;
    %jmp/0xz T_7.1, 5;
    %pushi/vec4 0, 0, 8;
    %ix/getv/s 4, v0x55d2d2abbab0_0;
    %store/vec4a v0x55d2d2abb670, 4, 0;
    %load/vec4 v0x55d2d2abbab0_0;
    %addi 1, 0, 32;
    %store/vec4 v0x55d2d2abbab0_0, 0, 32;
    %jmp T_7.0;
T_7.1 ;
    %end;
    .thread T_7;
    .scope S_0x55d2d2abb300;
T_8 ;
    %wait E_0x55d2d2a9c270;
    %load/vec4 v0x55d2d2abb9d0_0;
    %parti/s 8, 24, 6;
    %ix/getv 4, v0x55d2d2abb560_0;
    %store/vec4a v0x55d2d2abb670, 4, 0;
    %load/vec4 v0x55d2d2abb9d0_0;
    %parti/s 9, 15, 5;
    %pad/u 8;
    %load/vec4 v0x55d2d2abb560_0;
    %pad/u 33;
    %addi 1, 0, 33;
    %ix/vec4 4;
    %store/vec4a v0x55d2d2abb670, 4, 0;
    %load/vec4 v0x55d2d2abb9d0_0;
    %parti/s 9, 7, 4;
    %pad/u 8;
    %load/vec4 v0x55d2d2abb560_0;
    %pad/u 33;
    %addi 2, 0, 33;
    %ix/vec4 4;
    %store/vec4a v0x55d2d2abb670, 4, 0;
    %load/vec4 v0x55d2d2abb9d0_0;
    %parti/s 8, 0, 2;
    %load/vec4 v0x55d2d2abb560_0;
    %pad/u 33;
    %addi 3, 0, 33;
    %ix/vec4 4;
    %store/vec4a v0x55d2d2abb670, 4, 0;
    %jmp T_8;
    .thread T_8;
    .scope S_0x55d2d2abb300;
T_9 ;
    %wait E_0x55d2d2a9c050;
    %ix/getv 4, v0x55d2d2abb560_0;
    %load/vec4a v0x55d2d2abb670, 4;
    %load/vec4 v0x55d2d2abb560_0;
    %pad/u 33;
    %addi 1, 0, 33;
    %ix/vec4 4;
    %load/vec4a v0x55d2d2abb670, 4;
    %concat/vec4; draw_concat_vec4
    %load/vec4 v0x55d2d2abb560_0;
    %pad/u 33;
    %addi 2, 0, 33;
    %ix/vec4 4;
    %load/vec4a v0x55d2d2abb670, 4;
    %concat/vec4; draw_concat_vec4
    %load/vec4 v0x55d2d2abb560_0;
    %pad/u 33;
    %addi 3, 0, 33;
    %ix/vec4 4;
    %load/vec4a v0x55d2d2abb670, 4;
    %concat/vec4; draw_concat_vec4
    %store/vec4 v0x55d2d2abb8a0_0, 0, 32;
    %jmp T_9;
    .thread T_9;
    .scope S_0x55d2d2a59100;
T_10 ;
    %pushi/vec4 0, 0, 1;
    %store/vec4 v0x55d2d2ac17a0_0, 0, 1;
    %pushi/vec4 1, 0, 1;
    %store/vec4 v0x55d2d2ac0f90_0, 0, 1;
    %delay 2, 0;
    %pushi/vec4 0, 0, 1;
    %store/vec4 v0x55d2d2ac0f90_0, 0, 1;
    %end;
    .thread T_10;
    .scope S_0x55d2d2a59100;
T_11 ;
    %delay 1, 0;
    %load/vec4 v0x55d2d2ac17a0_0;
    %nor/r;
    %store/vec4 v0x55d2d2ac17a0_0, 0, 1;
    %jmp T_11;
    .thread T_11;
    .scope S_0x55d2d2a59100;
T_12 ;
    %wait E_0x55d2d2a496e0;
    %vpi_call 2 115 "$display", "P_COUNTER -> CLOCK: %b RESET: %b INPUT: %h OUTPUT: %h", v0x55d2d2ac17a0_0, v0x55d2d2ac0f90_0, v0x55d2d2ac0e00_0, v0x55d2d2ac0ef0_0 {0 0 0};
    %vpi_call 2 117 "$display", "I_MEMORY -> INPUT: %h OP: %b RS: %b RT: %b RD: %b SHAMT: %b FUNCT: %b", v0x55d2d2ac0ef0_0, v0x55d2d2ac24a0_0, v0x55d2d2ac2740_0, v0x55d2d2ac2850_0, v0x55d2d2ac2650_0, v0x55d2d2ac2910_0, v0x55d2d2ac1b70_0 {0 0 0};
    %vpi_call 2 118 "$display", "MAIN_CONTROL -> OP: %b REG: %b JUMP: %b BRANCH: %b MREAD: %b MWRITE: %b MtoR: %b Aop: %b Asr: %b RWRITE: %b INSTRUCTION: %b", v0x55d2d2ac24a0_0, v0x55d2d2ac1140_0, v0x55d2d2ac0b00_0, v0x55d2d2ac0880_0, v0x55d2d2ac0ba0_0, v0x55d2d2ac0c40_0, v0x55d2d2ac0d10_0, v0x55d2d2ac05e0_0, v0x55d2d2ac0790_0, v0x55d2d2ac11e0_0, v0x55d2d2ac1c30_0 {0 0 0};
    %vpi_call 2 119 "$display", "REGISTER -> CLK: %b RS: %h RT: %h MUX: %h WRITE: %h READ1: %h READ2: %h", v0x55d2d2ac17a0_0, v0x55d2d2ac2740_0, v0x55d2d2ac2850_0, v0x55d2d2ac2390_0, v0x55d2d2ac1a60_0, v0x55d2d2ac1890_0, v0x55d2d2ac19a0_0 {0 0 0};
    %vpi_call 2 120 "$display", "SIGN_EXTEND -> INPUT: %h OUTPUT: %h", v0x55d2d2ac1690_0, v0x55d2d2ac29d0_0 {0 0 0};
    %vpi_call 2 121 "$display", "ALU_CONTROL -> INPUT: %h CONTROL: %b OUTPUT: %h", v0x55d2d2ac1b70_0, v0x55d2d2ac05e0_0, v0x55d2d2ac04f0_0 {0 0 0};
    %vpi_call 2 122 "$display", "ALU --> INPUT_1: %h INPUT_2: %h ZERO: %b OUTPUT: %h", v0x55d2d2ac1890_0, v0x55d2d2ac2190_0, v0x55d2d2ac2b80_0, v0x55d2d2ac06a0_0 {0 0 0};
    %vpi_call 2 123 "$display", "ADD_4 --> INPUT: %h OUTPUT: %h", v0x55d2d2ac0ef0_0, v0x55d2d2ac0320_0 {0 0 0};
    %vpi_call 2 124 "$display", "ADD_ALU --> INPUT1: %h INPUT2: %h OUTPUT:", v0x55d2d2ac0320_0, v0x55d2d2ac2a70_0, v0x55d2d2ac03e0_0 {0 0 0};
    %vpi_call 2 125 "$display", "MUX4 ---> JUMP_SHIFTED: %h MUXMUX: %h OUTPUT: %h \012", v0x55d2d2ac20d0_0, v0x55d2d2ac2280_0, v0x55d2d2ac0e00_0 {0 0 0};
    %jmp T_12;
    .thread T_12, $push;
    .scope S_0x55d2d2a59100;
T_13 ;
    %delay 10, 0;
    %vpi_call 2 130 "$finish" {0 0 0};
    %end;
    .thread T_13;
# The file index is used to find the file name in the following table.
:file_names 14;
    "N/A";
    "<interactive>";
    "Pathline.v";
    "./modules/addAlu.v";
    "./modules/alu32.v";
    "./modules/alu_control.v";
    "./modules/mainControl.v";
    "./modules/instructionMemory.v";
    "./modules/dataMemory.v";
    "./modules/mux2x1.v";
    "./modules/programCounter.v";
    "./modules/regfile.v";
    "./modules/shift_left2.v";
    "./modules/sign_extend.v";
